[TRACE] 2022-11-08 14:31:05:775 [main] Server - Session factory generated.
[TRACE] 2022-11-08 14:31:06:459 [main] Server - Entity manager generated.
[TRACE] 2022-11-08 14:31:06:473 [main] Server - Generic table executors generated.
[TRACE] 2022-11-08 14:31:06:482 [main] Server - Database connection verified.
[TRACE] 2022-11-08 14:31:06:495 [main] Server - Admin Page Generated.
[TRACE] 2022-11-08 14:31:09:539 [main] Server - New Client has connected. Total: 1
[TRACE] 2022-11-08 14:32:37:238 [main] Server - Session factory generated.
[TRACE] 2022-11-08 14:32:37:913 [main] Server - Entity manager generated.
[TRACE] 2022-11-08 14:32:37:913 [main] Server - Generic table executors generated.
[TRACE] 2022-11-08 14:32:37:929 [main] Server - Database connection verified.
[TRACE] 2022-11-08 14:32:37:944 [main] Server - Admin Page Generated.
[TRACE] 2022-11-08 14:32:38:004 [main] Server - New Client has connected. Total: 1
[TRACE] 2022-11-08 15:39:51:744 [main] Server - Session factory generated.
[TRACE] 2022-11-08 15:39:52:581 [main] Server - Entity manager generated.
[TRACE] 2022-11-08 15:39:52:593 [main] Server - Generic table executors generated.
[TRACE] 2022-11-08 15:39:52:603 [main] Server - Database connection verified.
[TRACE] 2022-11-08 15:39:52:615 [main] Server - Admin Page Generated.
[TRACE] 2022-11-08 15:39:52:624 [Thread-2] Client - Socket Established.
[TRACE] 2022-11-08 15:39:52:648 [Thread-2] Client - Object Streams Initialized.
[TRACE] 2022-11-08 15:39:52:648 [main] Server - Object Streams Initialized.
[TRACE] 2022-11-08 15:39:52:648 [Thread-2] Client - Client Established.
[TRACE] 2022-11-08 15:39:52:648 [main] Server - New Client has connected. Total: 1
[TRACE] 2022-11-08 15:39:54:862 [Thread-2] Client - Look and Feel was set to JTattoo.
[TRACE] 2022-11-08 15:39:55:143 [Thread-2] Client - getAll operation performed on Customer.
[TRACE] 2022-11-08 15:45:30:459 [main      ] Server     - Session factory generated.
[TRACE] 2022-11-08 15:45:31:155 [main      ] Server     - Entity manager generated.
[TRACE] 2022-11-08 15:45:31:168 [main      ] Server     - Generic table executors generated.
[TRACE] 2022-11-08 15:45:31:178 [main      ] Server     - Database connection verified.
[TRACE] 2022-11-08 15:45:31:197 [main      ] Server     - Admin Page Generated.
[TRACE] 2022-11-08 15:45:31:205 [Thread-2  ] Client     - Socket Established.
[TRACE] 2022-11-08 15:45:31:214 [Thread-2  ] Client     - Object Streams Initialized.
[TRACE] 2022-11-08 15:45:31:214 [main      ] Server     - Object Streams Initialized.
[TRACE] 2022-11-08 15:45:31:215 [Thread-2  ] Client     - Client Established.
[TRACE] 2022-11-08 15:45:31:215 [main      ] Server     - New Client has connected. Total: 1
[TRACE] 2022-11-08 15:45:31:461 [Thread-2  ] Client     - Look and Feel was set to JTattoo.
[TRACE] 2022-11-08 15:45:31:624 [Thread-2  ] Client     - getAll operation performed on Customer.
[TRACE] 2022-11-08 15:47:34:881 [main      ] Server     - Session factory generated.
[TRACE] 2022-11-08 15:47:35:584 [main      ] Server     - Entity manager generated.
[TRACE] 2022-11-08 15:47:35:597 [main      ] Server     - Generic table executors generated.
[TRACE] 2022-11-08 15:47:35:606 [main      ] Server     - Database connection verified.
[TRACE] 2022-11-08 15:47:35:629 [Thread-2  ] Client     - Socket Established.
[TRACE] 2022-11-08 15:47:35:638 [Thread-2  ] Client     - Object Streams Initialized.
[TRACE] 2022-11-08 15:47:35:638 [main      ] Server     - Object Streams Initialized.
[TRACE] 2022-11-08 15:47:35:638 [Thread-2  ] Client     - Client Established.
[TRACE] 2022-11-08 15:47:35:639 [main      ] Server     - New Client has connected. Total: 1
[TRACE] 2022-11-08 15:47:35:890 [Thread-2  ] Client     - Look and Feel was set to JTattoo.
[TRACE] 2022-11-08 15:47:36:084 [Thread-2  ] Client     - getAll operation performed on Customer.
[TRACE] 2022-11-08 15:47:45:869 [Thread-2  ] Server     - Admin Page Generated.
[TRACE] 2022-11-08 15:48:24:566 [main      ] Server     - Session factory generated.
[TRACE] 2022-11-08 15:48:25:254 [main      ] Server     - Entity manager generated.
[TRACE] 2022-11-08 15:48:25:267 [main      ] Server     - Generic table executors generated.
[TRACE] 2022-11-08 15:48:25:277 [main      ] Server     - Database connection verified.
[TRACE] 2022-11-08 15:48:25:301 [Thread-2  ] Client     - Socket Established.
[TRACE] 2022-11-08 15:48:25:309 [Thread-2  ] Client     - Object Streams Initialized.
[TRACE] 2022-11-08 15:48:25:309 [main      ] Server     - Object Streams Initialized.
[TRACE] 2022-11-08 15:48:25:309 [Thread-2  ] Client     - Client Established.
[TRACE] 2022-11-08 15:48:25:310 [main      ] Server     - New Client has connected. Total: 1
[TRACE] 2022-11-08 15:48:25:567 [Thread-2  ] Client     - Look and Feel was set to JTattoo.
[TRACE] 2022-11-08 15:48:25:730 [Thread-2  ] Client     - getAll operation performed on Customer.
[TRACE] 2022-11-08 15:48:27:371 [Thread-2  ] Server     - Admin Page Generated.
[TRACE] 2022-11-08 16:53:29:477 [AWT-EventQueue-0] Client     - Connections to Server closed.
[TRACE] 2022-11-08 19:20:13:267 [main      ] Server     - Session factory generated.
[TRACE] 2022-11-08 19:20:14:110 [main      ] Server     - Entity manager generated.
[TRACE] 2022-11-08 19:20:14:122 [main      ] Server     - Generic table executors generated.
[TRACE] 2022-11-08 19:20:14:131 [main      ] Server     - Database connection verified.
[TRACE] 2022-11-08 19:20:14:265 [Thread-2  ] Client     - Socket Established.
[TRACE] 2022-11-08 19:20:14:289 [Thread-2  ] Client     - Object Streams Initialized.
[TRACE] 2022-11-08 19:20:14:289 [main      ] Server     - [Thread-3] Object Streams Initialized.
[TRACE] 2022-11-08 19:20:14:290 [Thread-2  ] Client     - Client Established.
[TRACE] 2022-11-08 19:20:14:291 [main      ] Server     - New Client has connected. Total: 1
[TRACE] 2022-11-08 19:20:15:563 [Thread-2  ] Client     - Look and Feel was set to JTattoo.
[TRACE] 2022-11-08 19:20:16:831 [Thread-2  ] Client     - getAll operation performed on Customer.
[TRACE] 2022-11-08 19:20:20:518 [Thread-2  ] Server     - Admin Page Generated.
[TRACE] 2022-11-08 19:27:03:304 [Thread-3  ] Server     - [Thread-3] 'exit' operation performed.
[TRACE] 2022-11-08 19:27:03:304 [AWT-EventQueue-0] Client     - Connections to Server closed.
[TRACE] 2022-11-08 19:27:03:305 [Thread-3  ] Server     - [Thread-3] Client Has Disconnected. Total: 0
[TRACE] 2022-11-08 19:30:32:092 [main            ] Server     - Session factory generated.
[TRACE] 2022-11-08 19:30:32:805 [main            ] Server     - Entity manager generated.
[TRACE] 2022-11-08 19:30:32:818 [main            ] Server     - Generic table executors generated.
[TRACE] 2022-11-08 19:30:32:828 [main            ] Server     - Database connection verified.
[TRACE] 2022-11-08 19:30:32:946 [Thread-2        ] Client     - Socket Established.
[TRACE] 2022-11-08 19:30:32:976 [Thread-2        ] Client     - Object Streams Initialized.
[TRACE] 2022-11-08 19:30:32:976 [main            ] Server     - [Client-1] Object Streams Initialized.
[TRACE] 2022-11-08 19:30:32:976 [Thread-2        ] Client     - Client Established.
[TRACE] 2022-11-08 19:30:32:977 [main            ] Server     - New Client has connected. Total: 1
[TRACE] 2022-11-08 19:30:33:655 [Thread-2        ] Client     - Look and Feel was set to JTattoo.
[TRACE] 2022-11-08 19:30:33:910 [Thread-2        ] Client     - getAll operation performed on Customer.
[TRACE] 2022-11-08 19:30:36:366 [Thread-2        ] Server     - Admin Page Generated.
[TRACE] 2022-11-08 19:30:44:007 [Thread-3        ] Server     - [Client-1] 'exit' operation performed.
[TRACE] 2022-11-08 19:30:44:007 [AWT-EventQueue-0] Client     - Connections to Server closed.
[TRACE] 2022-11-08 19:30:44:008 [Thread-3        ] Server     - [Client-1] Client Has Disconnected. Total: 0
[TRACE] 2022-11-08 19:38:20:603 [main            ] Server     - Session factory generated.
[TRACE] 2022-11-08 19:38:21:335 [main            ] Server     - Entity manager generated.
[TRACE] 2022-11-08 19:38:21:350 [main            ] Server     - Generic table executors generated.
[TRACE] 2022-11-08 19:38:21:363 [main            ] Server     - Database connection verified.
[TRACE] 2022-11-08 19:38:21:521 [Thread-2        ] Client     - Socket Established.
[TRACE] 2022-11-08 19:38:21:559 [Thread-2        ] Client     - Object Streams Initialized.
[TRACE] 2022-11-08 19:38:21:560 [main            ] Server     - [Client-1] Object Streams Initialized.
[TRACE] 2022-11-08 19:38:21:561 [Thread-2        ] Client     - Client Established.
[TRACE] 2022-11-08 19:38:21:563 [main            ] Server     - New Client has connected. Total: 1
[TRACE] 2022-11-08 19:38:22:238 [Thread-2        ] Client     - Look and Feel was set to JTattoo.
[TRACE] 2022-11-08 19:38:22:555 [Thread-2        ] Client     - getAll operation performed on Customer.
[TRACE] 2022-11-08 19:38:25:369 [Thread-2        ] Server     - Admin Page Generated.
[TRACE] 2022-11-08 19:38:32:624 [Thread-3        ] Server     - [Client-1] 'exit' operation performed.
[TRACE] 2022-11-08 19:38:32:624 [AWT-EventQueue-0] Client     - Connections to Server closed.
[TRACE] 2022-11-08 19:38:32:626 [Thread-3        ] Server     - [Client-1] Client Has Disconnected. Total: 0
[TRACE] 2022-11-08 20:19:06:873 [main            ] Server     - Session factory generated.
[TRACE] 2022-11-08 20:19:07:610 [main            ] Server     - Entity manager generated.
[TRACE] 2022-11-08 20:19:07:697 [main            ] Server     - Generic table executors generated.
[TRACE] 2022-11-08 20:19:07:723 [main            ] Server     - Database connection verified.
[TRACE] 2022-11-08 20:19:07:856 [Thread-2        ] Client     - Socket Established.
[TRACE] 2022-11-08 20:19:07:893 [Thread-2        ] Client     - Object Streams Initialized.
[TRACE] 2022-11-08 20:19:07:893 [main            ] Server     - [Client-1] Object Streams Initialized.
[TRACE] 2022-11-08 20:19:07:894 [Thread-2        ] Client     - Client Established.
[TRACE] 2022-11-08 20:19:07:894 [main            ] Server     - New Client has connected. Total: 1
[TRACE] 2022-11-08 20:19:08:650 [Thread-2        ] Client     - Look and Feel was set to JTattoo.
[TRACE] 2022-11-08 20:19:08:932 [Thread-2        ] Client     - getAll operation performed on Customer.
[TRACE] 2022-11-08 20:19:11:523 [Thread-2        ] Server     - Admin Page Generated.
[TRACE] 2022-11-08 20:19:38:453 [Thread-3        ] Server     - [Client-1] 'exit' operation performed.
[TRACE] 2022-11-08 20:19:38:453 [AWT-EventQueue-0] Client     - Connections to Server closed.
[TRACE] 2022-11-08 20:19:38:454 [Thread-3        ] Server     - [Client-1] Client Has Disconnected. Total: 0
[TRACE] 2022-11-08 20:20:38:396 [main            ] Server     - Session factory generated.
[TRACE] 2022-11-08 20:20:39:087 [main            ] Server     - Entity manager generated.
[TRACE] 2022-11-08 20:20:39:102 [main            ] Server     - Generic table executors generated.
[TRACE] 2022-11-08 20:20:39:112 [main            ] Server     - Database connection verified.
[TRACE] 2022-11-08 20:20:39:193 [Thread-2        ] Client     - Socket Established.
[TRACE] 2022-11-08 20:20:39:198 [Thread-2        ] Client     - Object Streams Initialized.
[TRACE] 2022-11-08 20:20:39:198 [main            ] Server     - [Client-1] Object Streams Initialized.
[TRACE] 2022-11-08 20:20:39:198 [Thread-2        ] Client     - Client Established.
[TRACE] 2022-11-08 20:20:39:199 [main            ] Server     - New Client has connected. Total: 1
[TRACE] 2022-11-08 20:20:39:513 [Thread-2        ] Client     - Look and Feel was set to JTattoo.
[TRACE] 2022-11-08 20:20:39:702 [Thread-2        ] Client     - getAll operation performed on Customer.
[TRACE] 2022-11-08 20:20:41:271 [Thread-2        ] Server     - Admin Page Generated.
[TRACE] 2022-11-08 20:21:16:425 [AWT-EventQueue-0] Client     - Connections to Server closed.
[TRACE] 2022-11-08 20:21:16:425 [Thread-3        ] Server     - [Client-1] 'exit' operation performed.
[TRACE] 2022-11-08 20:21:16:426 [Thread-3        ] Server     - [Client-1] Client Has Disconnected. Total: 0
