[TRACE] 2022-11-09 01:58:56:602 [main            ] Server     - Session factory generated.
[TRACE] 2022-11-09 01:58:57:417 [main            ] Server     - Entity manager generated.
[TRACE] 2022-11-09 01:58:57:432 [main            ] Server     - Generic table executors generated.
[TRACE] 2022-11-09 01:58:57:441 [main            ] Server     - Database connection verified.
[TRACE] 2022-11-09 01:58:57:464 [Thread-2        ] Client     - Socket Established.
[TRACE] 2022-11-09 01:58:57:482 [Thread-2        ] Client     - Object Streams Initialized.
[TRACE] 2022-11-09 01:58:57:482 [main            ] Server     - [Client-1] Object Streams Initialized.
[TRACE] 2022-11-09 01:58:57:483 [Thread-2        ] Client     - Client Established.
[TRACE] 2022-11-09 01:58:57:483 [main            ] Server     - New Client has connected. Total: 1
[TRACE] 2022-11-09 01:58:58:243 [Thread-2        ] Client     - Look and Feel was set to JTattoo.
[TRACE] 2022-11-09 01:58:58:641 [Thread-2        ] Client     - getAll operation performed on Customer.
[TRACE] 2022-11-09 01:59:01:303 [Thread-2        ] Server     - Admin Page Generated.
[TRACE] 2022-11-09 02:02:04:066 [main            ] Server     - Session factory generated.
[TRACE] 2022-11-09 02:02:04:791 [main            ] Server     - Entity manager generated.
[TRACE] 2022-11-09 02:02:04:803 [main            ] Server     - Generic table executors generated.
[TRACE] 2022-11-09 02:02:04:813 [main            ] Server     - Database connection verified.
[TRACE] 2022-11-09 02:02:04:841 [Thread-2        ] Client     - Socket Established.
[TRACE] 2022-11-09 02:02:04:851 [Thread-2        ] Client     - Object Streams Initialized.
[TRACE] 2022-11-09 02:02:04:851 [main            ] Server     - [Client-1] Object Streams Initialized.
[TRACE] 2022-11-09 02:02:04:852 [Thread-2        ] Client     - Client Established.
[TRACE] 2022-11-09 02:02:04:853 [main            ] Server     - New Client has connected. Total: 1
[TRACE] 2022-11-09 02:02:05:131 [Thread-2        ] Client     - Look and Feel was set to JTattoo.
[TRACE] 2022-11-09 02:02:05:305 [Thread-2        ] Client     - getAll operation performed on Customer.
[TRACE] 2022-11-09 02:02:06:967 [Thread-2        ] Server     - Admin Page Generated.
[TRACE] 2022-11-09 02:07:57:140 [main            ] Server     - Session factory generated.
[TRACE] 2022-11-09 02:07:57:838 [main            ] Server     - Entity manager generated.
[TRACE] 2022-11-09 02:07:57:852 [main            ] Server     - Generic table executors generated.
[TRACE] 2022-11-09 02:07:57:864 [main            ] Server     - Database connection verified.
[TRACE] 2022-11-09 02:07:57:889 [Thread-2        ] Client     - Socket Established.
[TRACE] 2022-11-09 02:07:57:898 [Thread-2        ] Client     - Object Streams Initialized.
[TRACE] 2022-11-09 02:07:57:898 [main            ] Server     - [Client-1] Object Streams Initialized.
[TRACE] 2022-11-09 02:07:57:898 [Thread-2        ] Client     - Client Established.
[TRACE] 2022-11-09 02:07:57:899 [main            ] Server     - New Client has connected. Total: 1
[TRACE] 2022-11-09 02:07:58:178 [Thread-2        ] Client     - Look and Feel was set to JTattoo.
[TRACE] 2022-11-09 02:07:58:345 [Thread-2        ] Client     - getAll operation performed on Customer.
[TRACE] 2022-11-09 02:08:00:064 [Thread-2        ] Server     - Admin Page Generated.
[TRACE] 2022-11-09 02:08:05:000 [AWT-EventQueue-0] Client     - Connections to Server closed.
[TRACE] 2022-11-09 02:08:05:000 [Thread-3        ] Server     - [Client-1] 'exit' operation performed.
[TRACE] 2022-11-09 02:08:05:002 [Thread-3        ] Server     - [Client-1] Client Has Disconnected. Total: 0
[TRACE] 2022-11-09 14:01:05:752 [main            ] Server     - Session factory generated.
[TRACE] 2022-11-09 14:01:06:618 [main            ] Server     - Entity manager generated.
[TRACE] 2022-11-09 14:01:06:631 [main            ] Server     - Generic table executors generated.
[FATAL] 2022-11-09 14:01:06:634 [main            ] Server     - File Not Found Exception! {Server\src\com\database\properties\boot\boot.txt (The system cannot find the path specified)}
[TRACE] 2022-11-09 14:02:47:816 [main            ] Server     - Session factory generated.
[TRACE] 2022-11-09 14:02:48:488 [main            ] Server     - Entity manager generated.
[TRACE] 2022-11-09 14:02:48:500 [main            ] Server     - Generic table executors generated.
[TRACE] 2022-11-09 14:02:48:508 [main            ] Server     - Database connection verified.
[TRACE] 2022-11-09 14:02:48:528 [Thread-2        ] Client     - [Client-root] Socket Established.
[TRACE] 2022-11-09 14:02:48:586 [main            ] Server     - [Client-1] Object Streams Initialized.
[TRACE] 2022-11-09 14:02:48:586 [Thread-2        ] Client     - [Client-root] Object Streams Initialized.
[TRACE] 2022-11-09 14:02:48:587 [main            ] Server     - New Client has connected. Total: 1
[TRACE] 2022-11-09 14:02:49:244 [Thread-2        ] Client     - Look and Feel was set to JTattoo.
[TRACE] 2022-11-09 14:02:49:522 [Thread-2        ] Client     - [Client-root] getAll operation performed on Customer.
[FATAL] 2022-11-09 14:02:50:692 [Thread-3        ] Server     - [Client-1] Unknown error occurred! {Converting `org.hibernate.InstantiationException` to JPA `PersistenceException` : No default constructor for entity:  : com.application.models.tables.Customer}
[TRACE] 2022-11-09 14:02:50:693 [Thread-3        ] Server     - [Client-1] Client Has Disconnected. Total: 0
[FATAL] 2022-11-09 14:02:50:693 [Thread-2        ] Client     - [Client-root] I/O Exception! {null}
[TRACE] 2022-11-09 14:16:24:753 [main            ] Server     - Session factory generated.
[TRACE] 2022-11-09 14:16:25:459 [main            ] Server     - Entity manager generated.
[TRACE] 2022-11-09 14:16:25:471 [main            ] Server     - Generic table executors generated.
[TRACE] 2022-11-09 14:16:25:480 [main            ] Server     - Database connection verified.
[TRACE] 2022-11-09 14:16:25:509 [Thread-2        ] Client     - [Client-root] Socket Established.
[TRACE] 2022-11-09 14:16:25:512 [main            ] Server     - Object Streams Initialized.
[TRACE] 2022-11-09 14:16:25:514 [main            ] Server     - New Client has connected. Total: 1
[TRACE] 2022-11-09 14:16:25:516 [Thread-2        ] Client     - [Client-root] Object Streams Initialized.
[TRACE] 2022-11-09 14:16:25:752 [Thread-2        ] Client     - Look and Feel was set to JTattoo.
[TRACE] 2022-11-09 14:16:25:941 [Thread-2        ] Client     - [Client-root] getAll operation performed on Customer.
[TRACE] 2022-11-09 14:16:28:851 [Thread-2        ] Server     - Admin Page Generated.
[TRACE] 2022-11-09 14:17:37:182 [main            ] Client     - [Client-test] Socket Established.
[TRACE] 2022-11-09 14:17:37:188 [main            ] Server     - Object Streams Initialized.
[TRACE] 2022-11-09 14:17:37:188 [main            ] Server     - New Client has connected. Total: 2
[TRACE] 2022-11-09 14:17:37:192 [main            ] Client     - [Client-test] Object Streams Initialized.
[FATAL] 2022-11-09 14:17:37:231 [main            ] Client     - [Client-test] Not Serializable Exception! {com.application.generic.SQLCondition}
[FATAL] 2022-11-09 14:17:37:238 [Thread-4        ] Server     - [Client-test] I/O Exception! {writing aborted; java.io.NotSerializableException: com.application.generic.SQLCondition}
[TRACE] 2022-11-09 14:17:37:240 [Thread-4        ] Server     - [Client-test] Client Has Disconnected. Total: 1
[TRACE] 2022-11-09 14:25:21:363 [main            ] Server     - Session factory generated.
[TRACE] 2022-11-09 14:25:22:050 [main            ] Server     - Entity manager generated.
[TRACE] 2022-11-09 14:25:22:062 [main            ] Server     - Generic table executors generated.
[TRACE] 2022-11-09 14:25:22:072 [main            ] Server     - Database connection verified.
[TRACE] 2022-11-09 14:25:22:094 [Thread-2        ] Client     - [Client-root] Socket Established.
[TRACE] 2022-11-09 14:25:22:106 [main            ] Server     - Object Streams Initialized.
[TRACE] 2022-11-09 14:25:22:106 [main            ] Server     - New Client has connected. Total: 1
[TRACE] 2022-11-09 14:25:22:108 [Thread-2        ] Client     - [Client-root] Object Streams Initialized.
[TRACE] 2022-11-09 14:25:22:351 [Thread-2        ] Client     - Look and Feel was set to JTattoo.
[TRACE] 2022-11-09 14:25:22:547 [Thread-2        ] Client     - [Client-root] getAll operation performed on Customer.
[TRACE] 2022-11-09 14:25:24:311 [Thread-2        ] Server     - Admin Page Generated.
[TRACE] 2022-11-09 14:25:29:490 [AWT-EventQueue-0] Client     - [Client-root] Connections to Server closed.
[TRACE] 2022-11-09 14:25:29:490 [Thread-3        ] Server     - [Client-root] 'exit' operation performed.
[TRACE] 2022-11-09 14:25:29:491 [Thread-3        ] Server     - [Client-root] Client Has Disconnected. Total: 0
[TRACE] 2022-11-09 14:26:00:009 [main            ] Server     - Session factory generated.
[TRACE] 2022-11-09 14:26:00:703 [main            ] Server     - Entity manager generated.
[TRACE] 2022-11-09 14:26:00:714 [main            ] Server     - Generic table executors generated.
[TRACE] 2022-11-09 14:26:00:723 [main            ] Server     - Database connection verified.
[TRACE] 2022-11-09 14:26:00:744 [Thread-2        ] Client     - [Client-root] Socket Established.
[TRACE] 2022-11-09 14:26:00:753 [main            ] Server     - Object Streams Initialized.
[TRACE] 2022-11-09 14:26:00:754 [main            ] Server     - New Client has connected. Total: 1
[TRACE] 2022-11-09 14:26:00:756 [Thread-2        ] Client     - [Client-root] Object Streams Initialized.
[TRACE] 2022-11-09 14:26:00:995 [Thread-2        ] Client     - Look and Feel was set to JTattoo.
[TRACE] 2022-11-09 14:26:01:169 [Thread-2        ] Client     - [Client-root] getAll operation performed on Customer.
[TRACE] 2022-11-09 14:26:02:724 [Thread-2        ] Server     - Admin Page Generated.
[TRACE] 2022-11-09 14:26:20:441 [main            ] Client     - [Client-test] Socket Established.
[TRACE] 2022-11-09 14:26:20:449 [main            ] Server     - Object Streams Initialized.
[TRACE] 2022-11-09 14:26:20:450 [main            ] Server     - New Client has connected. Total: 2
[TRACE] 2022-11-09 14:26:20:455 [main            ] Client     - [Client-test] Object Streams Initialized.
[TRACE] 2022-11-09 14:26:20:484 [main            ] Client     - [Client-test] findMatch operation performed on Customer.
[FATAL] 2022-11-09 14:26:20:559 [Thread-4        ] Server     - [Client-test] Unknown error occurred! {org.hibernate.query.SemanticException: A query exception occurred [SELECT x FROM Customer x WHERE x.name LIKE %r%]}
[TRACE] 2022-11-09 14:26:20:561 [Thread-4        ] Server     - [Client-test] Client Has Disconnected. Total: 1
[FATAL] 2022-11-09 14:26:20:562 [main            ] Client     - [Client-test] I/O Exception! {null}
[TRACE] 2022-11-09 14:28:08:673 [main            ] Server     - Session factory generated.
[TRACE] 2022-11-09 14:28:09:377 [main            ] Server     - Entity manager generated.
[TRACE] 2022-11-09 14:28:09:389 [main            ] Server     - Generic table executors generated.
[TRACE] 2022-11-09 14:28:09:398 [main            ] Server     - Database connection verified.
[TRACE] 2022-11-09 14:28:09:419 [Thread-2        ] Client     - [Client-root] Socket Established.
[TRACE] 2022-11-09 14:28:09:427 [main            ] Server     - Object Streams Initialized.
[TRACE] 2022-11-09 14:28:09:428 [main            ] Server     - New Client has connected. Total: 1
[TRACE] 2022-11-09 14:28:09:430 [Thread-2        ] Client     - [Client-root] Object Streams Initialized.
[TRACE] 2022-11-09 14:28:09:684 [Thread-2        ] Client     - Look and Feel was set to JTattoo.
[TRACE] 2022-11-09 14:28:09:848 [Thread-2        ] Client     - [Client-root] getAll operation performed on Customer.
[TRACE] 2022-11-09 14:28:11:445 [Thread-2        ] Server     - Admin Page Generated.
[TRACE] 2022-11-09 14:28:21:668 [main            ] Client     - [Client-test] Socket Established.
[TRACE] 2022-11-09 14:28:21:675 [main            ] Server     - Object Streams Initialized.
[TRACE] 2022-11-09 14:28:21:675 [main            ] Server     - New Client has connected. Total: 2
[TRACE] 2022-11-09 14:28:21:679 [main            ] Client     - [Client-test] Object Streams Initialized.
[TRACE] 2022-11-09 14:28:21:706 [main            ] Client     - [Client-test] findMatch operation performed on Customer.
[FATAL] 2022-11-09 14:28:22:228 [Thread-4        ] Server     - [Client-test] Unknown error occurred! {query did not return a unique result: 2}
[TRACE] 2022-11-09 14:28:22:229 [Thread-4        ] Server     - [Client-test] Client Has Disconnected. Total: 1
[FATAL] 2022-11-09 14:28:22:229 [main            ] Client     - [Client-test] I/O Exception! {null}
[TRACE] 2022-11-09 14:28:41:053 [main            ] Client     - [Client-test] Socket Established.
[TRACE] 2022-11-09 14:28:41:061 [main            ] Server     - Object Streams Initialized.
[TRACE] 2022-11-09 14:28:41:061 [main            ] Server     - New Client has connected. Total: 2
[TRACE] 2022-11-09 14:28:41:067 [main            ] Client     - [Client-test] Object Streams Initialized.
[TRACE] 2022-11-09 14:28:41:098 [main            ] Client     - [Client-test] findMatch operation performed on Customer.
[FATAL] 2022-11-09 14:28:41:512 [Thread-5        ] Server     - [Client-test] Unknown error occurred! {query did not return a unique result: 2}
[TRACE] 2022-11-09 14:28:41:513 [Thread-5        ] Server     - [Client-test] Client Has Disconnected. Total: 1
[FATAL] 2022-11-09 14:28:41:514 [main            ] Client     - [Client-test] I/O Exception! {null}
[TRACE] 2022-11-09 14:35:07:893 [main            ] Server     - Session factory generated.
[TRACE] 2022-11-09 14:35:08:581 [main            ] Server     - Entity manager generated.
[TRACE] 2022-11-09 14:35:08:593 [main            ] Server     - Generic table executors generated.
[TRACE] 2022-11-09 14:35:08:602 [main            ] Server     - Database connection verified.
[TRACE] 2022-11-09 14:35:08:623 [Thread-2        ] Client     - [Client-root] Socket Established.
[TRACE] 2022-11-09 14:35:08:632 [main            ] Server     - Object Streams Initialized.
[TRACE] 2022-11-09 14:35:08:633 [main            ] Server     - New Client has connected. Total: 1
[TRACE] 2022-11-09 14:35:08:635 [Thread-2        ] Client     - [Client-root] Object Streams Initialized.
[TRACE] 2022-11-09 14:35:08:865 [Thread-2        ] Client     - Look and Feel was set to JTattoo.
[TRACE] 2022-11-09 14:35:09:015 [Thread-2        ] Client     - [Client-root] getAll operation performed on Customer.
[TRACE] 2022-11-09 14:35:10:525 [Thread-2        ] Server     - Admin Page Generated.
[TRACE] 2022-11-09 14:35:19:253 [main            ] Client     - [Client-test] Socket Established.
[TRACE] 2022-11-09 14:35:19:260 [main            ] Server     - Object Streams Initialized.
[TRACE] 2022-11-09 14:35:19:260 [main            ] Server     - New Client has connected. Total: 2
[TRACE] 2022-11-09 14:35:19:265 [main            ] Client     - [Client-test] Object Streams Initialized.
[TRACE] 2022-11-09 14:35:19:390 [main            ] Client     - [Client-test] findMatch operation performed on Customer.
[FATAL] 2022-11-09 14:35:19:937 [Thread-4        ] Server     - [Client-test] Unknown error occurred! {query did not return a unique result: 2}
[TRACE] 2022-11-09 14:35:19:939 [Thread-4        ] Server     - [Client-test] Client Has Disconnected. Total: 1
[FATAL] 2022-11-09 14:35:19:939 [main            ] Client     - [Client-test] I/O Exception! {null}
[TRACE] 2022-11-09 14:45:12:988 [main            ] Server     - Session factory generated.
[TRACE] 2022-11-09 14:45:13:682 [main            ] Server     - Entity manager generated.
[TRACE] 2022-11-09 14:45:13:694 [main            ] Server     - Generic table executors generated.
[TRACE] 2022-11-09 14:45:13:703 [main            ] Server     - Database connection verified.
[TRACE] 2022-11-09 14:45:13:731 [Thread-2        ] Client     - [Client-root] Socket Established.
[TRACE] 2022-11-09 14:45:13:740 [main            ] Server     - Object Streams Initialized.
[TRACE] 2022-11-09 14:45:13:740 [main            ] Server     - New Client has connected. Total: 1
[TRACE] 2022-11-09 14:45:13:742 [Thread-2        ] Client     - [Client-root] Object Streams Initialized.
[TRACE] 2022-11-09 14:45:13:976 [Thread-2        ] Client     - Look and Feel was set to JTattoo.
[TRACE] 2022-11-09 14:45:14:150 [Thread-2        ] Client     - [Client-root] getAll operation performed on Customer.
[TRACE] 2022-11-09 14:45:15:775 [Thread-2        ] Server     - Admin Page Generated.
[TRACE] 2022-11-09 14:45:33:578 [main            ] Client     - [Client-test] Socket Established.
[TRACE] 2022-11-09 14:45:33:586 [main            ] Server     - Object Streams Initialized.
[TRACE] 2022-11-09 14:45:33:587 [main            ] Server     - New Client has connected. Total: 2
[TRACE] 2022-11-09 14:45:33:590 [main            ] Client     - [Client-test] Object Streams Initialized.
[TRACE] 2022-11-09 14:45:33:621 [main            ] Client     - [Client-test] findMatch operation performed on Customer.
[FATAL] 2022-11-09 14:45:34:714 [Thread-4        ] Server     - [Client-test] I/O Exception! {Connection reset}
[TRACE] 2022-11-09 14:45:34:716 [Thread-4        ] Server     - [Client-test] Client Has Disconnected. Total: 1
[TRACE] 2022-11-09 14:47:02:955 [main            ] Client     - [Client-test] Socket Established.
[TRACE] 2022-11-09 14:47:02:961 [main            ] Server     - Object Streams Initialized.
[TRACE] 2022-11-09 14:47:02:962 [main            ] Server     - New Client has connected. Total: 2
[TRACE] 2022-11-09 14:47:02:966 [main            ] Client     - [Client-test] Object Streams Initialized.
[TRACE] 2022-11-09 14:47:03:001 [main            ] Client     - [Client-test] findMatch operation performed on Customer.
[FATAL] 2022-11-09 14:47:05:139 [Thread-5        ] Server     - [Client-test] I/O Exception! {Connection reset}
[TRACE] 2022-11-09 14:47:05:140 [Thread-5        ] Server     - [Client-test] Client Has Disconnected. Total: 1
[TRACE] 2022-11-09 14:53:42:490 [main            ] Client     - [Client-test] Socket Established.
[TRACE] 2022-11-09 14:53:42:497 [main            ] Server     - Object Streams Initialized.
[TRACE] 2022-11-09 14:53:42:498 [main            ] Server     - New Client has connected. Total: 2
[TRACE] 2022-11-09 14:53:42:503 [main            ] Client     - [Client-test] Object Streams Initialized.
[TRACE] 2022-11-09 14:53:42:535 [main            ] Client     - [Client-test] findMatch operation performed on Customer.
[FATAL] 2022-11-09 14:53:44:068 [Thread-6        ] Server     - [Client-test] Unknown error occurred! {No result found for query [SELECT x FROM Customer x WHERE x.name LIKE '%chick%']}
[TRACE] 2022-11-09 14:53:44:069 [Thread-6        ] Server     - [Client-test] Client Has Disconnected. Total: 1
[FATAL] 2022-11-09 14:53:44:070 [main            ] Client     - [Client-test] I/O Exception! {null}
[TRACE] 2022-11-09 15:00:36:456 [main            ] Server     - Session factory generated.
[TRACE] 2022-11-09 15:00:37:102 [main            ] Server     - Entity manager generated.
[TRACE] 2022-11-09 15:00:37:115 [main            ] Server     - Generic table executors generated.
[TRACE] 2022-11-09 15:00:37:124 [main            ] Server     - Database connection verified.
[TRACE] 2022-11-09 15:00:37:144 [Thread-2        ] Client     - [Client-root] Socket Established.
[TRACE] 2022-11-09 15:00:37:155 [main            ] Server     - Object Streams Initialized.
[TRACE] 2022-11-09 15:00:37:156 [main            ] Server     - New Client has connected. Total: 1
[TRACE] 2022-11-09 15:00:37:157 [Thread-2        ] Client     - [Client-root] Object Streams Initialized.
[TRACE] 2022-11-09 15:00:37:413 [Thread-2        ] Client     - Look and Feel was set to JTattoo.
[TRACE] 2022-11-09 15:00:37:563 [Thread-2        ] Client     - [Client-root] getAll operation performed on Customer.
[TRACE] 2022-11-09 15:00:39:231 [Thread-2        ] Server     - Admin Page Generated.
[TRACE] 2022-11-09 15:03:58:289 [main            ] Client     - [Client-test] Socket Established.
[TRACE] 2022-11-09 15:03:58:297 [main            ] Server     - Object Streams Initialized.
[TRACE] 2022-11-09 15:03:58:298 [main            ] Server     - New Client has connected. Total: 2
[TRACE] 2022-11-09 15:03:58:301 [main            ] Client     - [Client-test] Object Streams Initialized.
[INFO ] 2022-11-09 15:03:58:333 [main            ] Client     - [Client-test] findMatch operation performed on Customer.
[WARN ] 2022-11-09 15:03:59:903 [Thread-4        ] Server     - [Client-test] No Result Exception! {No result found for query [SELECT x FROM Customer x WHERE x.name LIKE '%chick%']}
[FATAL] 2022-11-09 15:04:00:478 [Thread-4        ] Server     - [Client-test] I/O Exception! {Connection reset}
[TRACE] 2022-11-09 15:04:00:479 [Thread-4        ] Server     - [Client-test] Client Has Disconnected. Total: 1
[TRACE] 2022-11-09 15:13:40:346 [main            ] Client     - [Client-test] Socket Established.
[TRACE] 2022-11-09 15:13:40:354 [main            ] Server     - Object Streams Initialized.
[TRACE] 2022-11-09 15:13:40:355 [main            ] Server     - New Client has connected. Total: 2
[TRACE] 2022-11-09 15:13:40:359 [main            ] Client     - [Client-test] Object Streams Initialized.
[INFO ] 2022-11-09 15:13:40:415 [main            ] Client     - [Client-test] findMatch operation performed on Customer.
[FATAL] 2022-11-09 15:13:40:417 [Thread-5        ] Server     - [Client-test] Class Not Found Exception! {com.application.generic.SQLCondBuilder}
[TRACE] 2022-11-09 15:13:40:418 [Thread-5        ] Server     - [Client-test] Client Has Disconnected. Total: 1
[FATAL] 2022-11-09 15:13:40:419 [main            ] Client     - [Client-test] I/O Exception! {null}
[TRACE] 2022-11-09 15:14:07:853 [main            ] Server     - Session factory generated.
[TRACE] 2022-11-09 15:14:08:541 [main            ] Server     - Entity manager generated.
[TRACE] 2022-11-09 15:14:08:552 [main            ] Server     - Generic table executors generated.
[TRACE] 2022-11-09 15:14:08:561 [main            ] Server     - Database connection verified.
[TRACE] 2022-11-09 15:14:08:582 [Thread-2        ] Client     - [Client-root] Socket Established.
[TRACE] 2022-11-09 15:14:08:592 [main            ] Server     - Object Streams Initialized.
[TRACE] 2022-11-09 15:14:08:593 [main            ] Server     - New Client has connected. Total: 1
[TRACE] 2022-11-09 15:14:08:594 [Thread-2        ] Client     - [Client-root] Object Streams Initialized.
[TRACE] 2022-11-09 15:14:08:835 [Thread-2        ] Client     - Look and Feel was set to JTattoo.
[TRACE] 2022-11-09 15:14:09:007 [Thread-2        ] Client     - [Client-root] getAll operation performed on Customer.
[TRACE] 2022-11-09 15:14:10:589 [Thread-2        ] Server     - Admin Page Generated.
[TRACE] 2022-11-09 15:14:23:882 [main            ] Client     - [Client-test] Socket Established.
[TRACE] 2022-11-09 15:14:23:888 [main            ] Server     - Object Streams Initialized.
[TRACE] 2022-11-09 15:14:23:889 [main            ] Server     - New Client has connected. Total: 2
[TRACE] 2022-11-09 15:14:23:893 [main            ] Client     - [Client-test] Object Streams Initialized.
[INFO ] 2022-11-09 15:14:23:931 [main            ] Client     - [Client-test] findMatch operation performed on Customer.
[WARN ] 2022-11-09 15:14:24:420 [Thread-4        ] Server     - [Client-test] No Result Exception! {No result found for query [SELECT x FROM Customer x WHERE x.name LIKE '%chick%']}
[FATAL] 2022-11-09 15:14:24:922 [Thread-4        ] Server     - [Client-test] I/O Exception! {Connection reset}
[TRACE] 2022-11-09 15:14:24:924 [Thread-4        ] Server     - [Client-test] Client Has Disconnected. Total: 1
[TRACE] 2022-11-09 15:15:12:938 [main            ] Server     - Session factory generated.
[TRACE] 2022-11-09 15:15:13:614 [main            ] Server     - Entity manager generated.
[TRACE] 2022-11-09 15:15:13:626 [main            ] Server     - Generic table executors generated.
[TRACE] 2022-11-09 15:15:13:636 [main            ] Server     - Database connection verified.
[TRACE] 2022-11-09 15:15:13:657 [Thread-2        ] Client     - [Client-root] Socket Established.
[TRACE] 2022-11-09 15:15:13:667 [main            ] Server     - Object Streams Initialized.
[TRACE] 2022-11-09 15:15:13:668 [main            ] Server     - New Client has connected. Total: 1
[TRACE] 2022-11-09 15:15:13:672 [Thread-2        ] Client     - [Client-root] Object Streams Initialized.
[TRACE] 2022-11-09 15:15:13:906 [Thread-2        ] Client     - Look and Feel was set to JTattoo.
[TRACE] 2022-11-09 15:15:14:061 [Thread-2        ] Client     - [Client-root] getAll operation performed on Customer.
[TRACE] 2022-11-09 15:15:15:677 [Thread-2        ] Server     - Admin Page Generated.
[TRACE] 2022-11-09 15:15:28:322 [main            ] Client     - [Client-test] Socket Established.
[TRACE] 2022-11-09 15:15:28:329 [main            ] Server     - Object Streams Initialized.
[TRACE] 2022-11-09 15:15:28:330 [main            ] Server     - New Client has connected. Total: 2
[TRACE] 2022-11-09 15:15:28:334 [main            ] Client     - [Client-test] Object Streams Initialized.
[INFO ] 2022-11-09 15:15:28:364 [main            ] Client     - [Client-test] findMatch operation performed on Customer.
[FATAL] 2022-11-09 15:15:29:507 [Thread-4        ] Server     - [Client-test] I/O Exception! {Connection reset}
[TRACE] 2022-11-09 15:15:29:509 [Thread-4        ] Server     - [Client-test] Client Has Disconnected. Total: 1
[INFO ] 2022-11-09 15:16:19:208 [Thread-3        ] Server     - [Client-root] 'exit' operation performed.
[TRACE] 2022-11-09 15:16:19:208 [AWT-EventQueue-0] Client     - [Client-root] Connections to Server closed.
[TRACE] 2022-11-09 15:16:19:210 [Thread-3        ] Server     - [Client-root] Client Has Disconnected. Total: 0
